2019-04-25 10:28:59,672 INFO (StartupInfoLogger.java:50)- Starting PiccApplication on 紫迎 with PID 7280 (started by Dell in C:\Users\Dell\Desktop\picc客服服务\Picc)
2019-04-25 10:28:59,672 DEBUG (StartupInfoLogger.java:53)- Running with Spring Boot v2.1.3.RELEASE, Spring v5.1.5.RELEASE
2019-04-25 10:28:59,673 INFO (SpringApplication.java:675)- No active profile set, falling back to default profiles: default
2019-04-25 10:29:02,528 INFO (StartupInfoLogger.java:59)- Started PiccApplication in 3.708 seconds (JVM running for 5.68)
2019-04-25 10:29:48,882 DEBUG (BaseJdbcLogger.java:159)- ==>  Preparing: SELECT u.*,ur.rid FROM USER u,userrole ur WHERE u.userid=ur.uid AND userCode=? and userPwd=? 
2019-04-25 10:29:48,900 DEBUG (BaseJdbcLogger.java:159)- ==> Parameters: 001(String), 321(String)
2019-04-25 10:29:48,917 DEBUG (BaseJdbcLogger.java:159)- <==      Total: 1
2019-04-25 10:29:49,283 DEBUG (BaseJdbcLogger.java:159)- ==>  Preparing: SELECT m.* FROM menu AS m,rolemenu AS rm WHERE m.mid=rm.mid AND rm.roleid=? AND m.pid IS NULL 
2019-04-25 10:29:49,283 DEBUG (BaseJdbcLogger.java:159)- ==> Parameters: 2(Integer)
2019-04-25 10:29:49,285 DEBUG (BaseJdbcLogger.java:159)- <==      Total: 4
2019-04-25 10:29:49,307 DEBUG (BaseJdbcLogger.java:159)- ==>  Preparing: SELECT m2.* FROM menu m1,menu m2 WHERE m1.mid=m2.pid AND m2.pid=? 
2019-04-25 10:29:49,309 DEBUG (BaseJdbcLogger.java:159)- ==> Parameters: 4(Integer)
2019-04-25 10:29:49,312 DEBUG (BaseJdbcLogger.java:159)- <==      Total: 2
2019-04-25 10:29:49,315 DEBUG (BaseJdbcLogger.java:159)- ==>  Preparing: SELECT m2.* FROM menu m1,menu m2 WHERE m1.mid=m2.pid AND m2.pid=? 
2019-04-25 10:29:49,316 DEBUG (BaseJdbcLogger.java:159)- ==> Parameters: 5(Integer)
2019-04-25 10:29:49,317 DEBUG (BaseJdbcLogger.java:159)- <==      Total: 3
2019-04-25 10:29:49,320 DEBUG (BaseJdbcLogger.java:159)- ==>  Preparing: SELECT m2.* FROM menu m1,menu m2 WHERE m1.mid=m2.pid AND m2.pid=? 
2019-04-25 10:29:49,320 DEBUG (BaseJdbcLogger.java:159)- ==> Parameters: 6(Integer)
2019-04-25 10:29:49,322 DEBUG (BaseJdbcLogger.java:159)- <==      Total: 3
2019-04-25 10:29:49,328 DEBUG (BaseJdbcLogger.java:159)- ==>  Preparing: SELECT m2.* FROM menu m1,menu m2 WHERE m1.mid=m2.pid AND m2.pid=? 
2019-04-25 10:29:49,328 DEBUG (BaseJdbcLogger.java:159)- ==> Parameters: 9(Integer)
2019-04-25 10:29:49,329 DEBUG (BaseJdbcLogger.java:159)- <==      Total: 3
