2019-04-26 10:39:27,119 INFO (StartupInfoLogger.java:50)- Starting PiccApplication on 紫迎 with PID 19656 (started by Dell in C:\Users\Dell\Desktop\picc客服服务\Picc)
2019-04-26 10:39:27,119 DEBUG (StartupInfoLogger.java:53)- Running with Spring Boot v2.1.3.RELEASE, Spring v5.1.5.RELEASE
2019-04-26 10:39:27,119 INFO (SpringApplication.java:675)- No active profile set, falling back to default profiles: default
2019-04-26 10:39:30,118 INFO (StartupInfoLogger.java:59)- Started PiccApplication in 3.827 seconds (JVM running for 5.487)
2019-04-26 14:41:37,514 INFO (StartupInfoLogger.java:50)- Starting PiccApplication on 紫迎 with PID 16580 (started by Dell in C:\Users\Dell\Desktop\picc客服服务\Picc)
2019-04-26 14:41:37,515 DEBUG (StartupInfoLogger.java:53)- Running with Spring Boot v2.1.3.RELEASE, Spring v5.1.5.RELEASE
2019-04-26 14:41:37,516 INFO (SpringApplication.java:675)- No active profile set, falling back to default profiles: default
2019-04-26 14:41:41,476 INFO (StartupInfoLogger.java:59)- Started PiccApplication in 4.885 seconds (JVM running for 6.578)
2019-04-26 14:42:01,019 DEBUG (BaseJdbcLogger.java:159)- ==>  Preparing: SELECT u.*,ur.rid FROM USER u,userrole ur WHERE u.userid=ur.uid AND userCode=? and userPwd=? 
2019-04-26 14:42:01,037 DEBUG (BaseJdbcLogger.java:159)- ==> Parameters: admin(String), 123(String)
2019-04-26 14:42:01,061 DEBUG (BaseJdbcLogger.java:159)- <==      Total: 1
2019-04-26 14:42:01,441 DEBUG (BaseJdbcLogger.java:159)- ==>  Preparing: SELECT m.* FROM menu AS m,rolemenu AS rm WHERE m.mid=rm.mid AND rm.roleid=? AND m.pid IS NULL 
2019-04-26 14:42:01,442 DEBUG (BaseJdbcLogger.java:159)- ==> Parameters: null
2019-04-26 14:42:01,446 DEBUG (BaseJdbcLogger.java:159)- <==      Total: 0
2019-04-26 14:42:54,411 DEBUG (BaseJdbcLogger.java:159)- ==>  Preparing: SELECT u.*,ur.rid FROM USER u,userrole ur WHERE u.userid=ur.uid AND userCode=? and userPwd=? 
2019-04-26 14:42:54,412 DEBUG (BaseJdbcLogger.java:159)- ==> Parameters: 001(String), 321(String)
2019-04-26 14:42:54,415 DEBUG (BaseJdbcLogger.java:159)- <==      Total: 1
2019-04-26 14:42:54,635 DEBUG (BaseJdbcLogger.java:159)- ==>  Preparing: SELECT m.* FROM menu AS m,rolemenu AS rm WHERE m.mid=rm.mid AND rm.roleid=? AND m.pid IS NULL 
2019-04-26 14:42:54,636 DEBUG (BaseJdbcLogger.java:159)- ==> Parameters: null
2019-04-26 14:42:54,637 DEBUG (BaseJdbcLogger.java:159)- <==      Total: 0
2019-04-26 14:43:30,772 DEBUG (BaseJdbcLogger.java:159)- ==>  Preparing: SELECT u.*,ur.rid FROM USER u,userrole ur WHERE u.userid=ur.uid AND userCode=? and userPwd=? 
2019-04-26 14:43:30,773 DEBUG (BaseJdbcLogger.java:159)- ==> Parameters: admin(String), 123(String)
2019-04-26 14:43:30,774 DEBUG (BaseJdbcLogger.java:159)- <==      Total: 1
2019-04-26 14:43:31,102 DEBUG (BaseJdbcLogger.java:159)- ==>  Preparing: SELECT m.* FROM menu AS m,rolemenu AS rm WHERE m.mid=rm.mid AND rm.roleid=? AND m.pid IS NULL 
2019-04-26 14:43:31,103 DEBUG (BaseJdbcLogger.java:159)- ==> Parameters: 1(Integer)
2019-04-26 14:43:31,106 DEBUG (BaseJdbcLogger.java:159)- <==      Total: 6
2019-04-26 14:43:31,122 DEBUG (BaseJdbcLogger.java:159)- ==>  Preparing: SELECT m2.* FROM menu m1,menu m2 WHERE m1.mid=m2.pid AND m2.pid=? 
2019-04-26 14:43:31,123 DEBUG (BaseJdbcLogger.java:159)- ==> Parameters: 1(Integer)
2019-04-26 14:43:31,124 DEBUG (BaseJdbcLogger.java:159)- <==      Total: 1
2019-04-26 14:43:31,127 DEBUG (BaseJdbcLogger.java:159)- ==>  Preparing: SELECT m2.* FROM menu m1,menu m2 WHERE m1.mid=m2.pid AND m2.pid=? 
2019-04-26 14:43:31,127 DEBUG (BaseJdbcLogger.java:159)- ==> Parameters: 4(Integer)
2019-04-26 14:43:31,130 DEBUG (BaseJdbcLogger.java:159)- <==      Total: 2
2019-04-26 14:43:31,134 DEBUG (BaseJdbcLogger.java:159)- ==>  Preparing: SELECT m2.* FROM menu m1,menu m2 WHERE m1.mid=m2.pid AND m2.pid=? 
2019-04-26 14:43:31,134 DEBUG (BaseJdbcLogger.java:159)- ==> Parameters: 5(Integer)
2019-04-26 14:43:31,135 DEBUG (BaseJdbcLogger.java:159)- <==      Total: 3
2019-04-26 14:43:31,138 DEBUG (BaseJdbcLogger.java:159)- ==>  Preparing: SELECT m2.* FROM menu m1,menu m2 WHERE m1.mid=m2.pid AND m2.pid=? 
2019-04-26 14:43:31,138 DEBUG (BaseJdbcLogger.java:159)- ==> Parameters: 6(Integer)
2019-04-26 14:43:31,139 DEBUG (BaseJdbcLogger.java:159)- <==      Total: 3
2019-04-26 14:43:31,141 DEBUG (BaseJdbcLogger.java:159)- ==>  Preparing: SELECT m2.* FROM menu m1,menu m2 WHERE m1.mid=m2.pid AND m2.pid=? 
2019-04-26 14:43:31,142 DEBUG (BaseJdbcLogger.java:159)- ==> Parameters: 9(Integer)
2019-04-26 14:43:31,143 DEBUG (BaseJdbcLogger.java:159)- <==      Total: 3
2019-04-26 14:43:31,147 DEBUG (BaseJdbcLogger.java:159)- ==>  Preparing: SELECT m2.* FROM menu m1,menu m2 WHERE m1.mid=m2.pid AND m2.pid=? 
2019-04-26 14:43:31,147 DEBUG (BaseJdbcLogger.java:159)- ==> Parameters: 7(Integer)
2019-04-26 14:43:31,148 DEBUG (BaseJdbcLogger.java:159)- <==      Total: 3
2019-04-26 14:43:41,429 DEBUG (BaseJdbcLogger.java:159)- ==>  Preparing: select * from department 
2019-04-26 14:43:41,429 DEBUG (BaseJdbcLogger.java:159)- ==> Parameters: 
2019-04-26 14:43:41,430 DEBUG (BaseJdbcLogger.java:159)- <==      Total: 7
2019-04-26 14:43:41,441 DEBUG (BaseJdbcLogger.java:159)- ==>  Preparing: select * from department 
2019-04-26 14:43:41,441 DEBUG (BaseJdbcLogger.java:159)- ==> Parameters: 
2019-04-26 14:43:41,442 DEBUG (BaseJdbcLogger.java:159)- <==      Total: 7
2019-04-26 14:43:41,526 DEBUG (BaseJdbcLogger.java:159)- ==>  Preparing: SELECT u.*,d.dName,ud.udid,d.did as did FROM `userdeparment` ud,`user` u,`department` d WHERE ud.uid=u.userid AND ud.did=d.did order by userid desc 
2019-04-26 14:43:41,526 DEBUG (BaseJdbcLogger.java:159)- ==> Parameters: 
2019-04-26 14:43:41,529 DEBUG (BaseJdbcLogger.java:159)- <==      Total: 10
2019-04-26 14:43:46,776 DEBUG (BaseJdbcLogger.java:159)- ==>  Preparing: SELECT count(*) FROM mishu WHERE reject = 1 and submission = 0 and state in (1,2) 
2019-04-26 14:43:46,776 DEBUG (BaseJdbcLogger.java:159)- ==>  Preparing: SELECT count(*) FROM mishu WHERE reject = 1 and submission = 0 and state in (1,2) 
2019-04-26 14:43:46,776 DEBUG (BaseJdbcLogger.java:159)- ==>  Preparing: SELECT count(*) FROM mishu WHERE submission = 0 and reject = 0 and state in (1,2) 
2019-04-26 14:43:46,776 DEBUG (BaseJdbcLogger.java:159)- ==>  Preparing: SELECT count(*) FROM mishu WHERE submission = 0 and reject = 0 and state in (1,2) 
2019-04-26 14:43:46,778 DEBUG (BaseJdbcLogger.java:159)- ==> Parameters: 
2019-04-26 14:43:46,778 DEBUG (BaseJdbcLogger.java:159)- ==> Parameters: 
2019-04-26 14:43:46,778 DEBUG (BaseJdbcLogger.java:159)- ==> Parameters: 
2019-04-26 14:43:46,778 DEBUG (BaseJdbcLogger.java:159)- ==> Parameters: 
2019-04-26 14:43:46,781 DEBUG (BaseJdbcLogger.java:159)- ==>  Preparing: SELECT m.*,u.userName FROM mishu AS m,USER AS u WHERE m.`userId`=u.`userid` ORDER BY msId DESC 
2019-04-26 14:43:46,782 DEBUG (BaseJdbcLogger.java:159)- ==> Parameters: 
2019-04-26 14:43:46,782 DEBUG (BaseJdbcLogger.java:159)- <==      Total: 1
2019-04-26 14:43:46,782 DEBUG (BaseJdbcLogger.java:159)- <==      Total: 1
2019-04-26 14:43:46,782 DEBUG (BaseJdbcLogger.java:159)- <==      Total: 1
2019-04-26 14:43:46,782 DEBUG (BaseJdbcLogger.java:159)- <==      Total: 1
2019-04-26 14:43:46,785 DEBUG (BaseJdbcLogger.java:159)- <==      Total: 14
2019-04-26 14:43:47,630 DEBUG (BaseJdbcLogger.java:159)- ==>  Preparing: SELECT m.*,u.userName FROM mishu AS m,USER AS u WHERE m.`userId`=u.`userid` AND reject = 0 AND submission = 1 and m.state in (1,2) ORDER BY msId DESC 
2019-04-26 14:43:47,630 DEBUG (BaseJdbcLogger.java:159)- ==> Parameters: 
2019-04-26 14:43:47,634 DEBUG (BaseJdbcLogger.java:159)- <==      Total: 6
2019-04-26 14:44:14,744 DEBUG (BaseJdbcLogger.java:159)- ==>  Preparing: select * from mishu where msId=? 
2019-04-26 14:44:14,744 DEBUG (BaseJdbcLogger.java:159)- ==> Parameters: 14(Integer)
2019-04-26 14:44:14,745 DEBUG (BaseJdbcLogger.java:159)- <==      Total: 1
2019-04-26 14:44:41,718 DEBUG (BaseJdbcLogger.java:159)- ==>  Preparing: select * from mishu where msId=? 
2019-04-26 14:44:41,719 DEBUG (BaseJdbcLogger.java:159)- ==> Parameters: 12(Integer)
2019-04-26 14:44:41,720 DEBUG (BaseJdbcLogger.java:159)- <==      Total: 1
2019-04-26 14:44:55,047 DEBUG (BaseJdbcLogger.java:159)- ==>  Preparing: select * from mishu where msId=? 
2019-04-26 14:44:55,048 DEBUG (BaseJdbcLogger.java:159)- ==> Parameters: 12(Integer)
2019-04-26 14:44:55,050 DEBUG (BaseJdbcLogger.java:159)- <==      Total: 1
2019-04-26 14:45:26,025 DEBUG (BaseJdbcLogger.java:159)- ==>  Preparing: select * from mishu where msId=? 
2019-04-26 14:45:26,025 DEBUG (BaseJdbcLogger.java:159)- ==> Parameters: 11(Integer)
2019-04-26 14:45:26,026 DEBUG (BaseJdbcLogger.java:159)- <==      Total: 1
2019-04-26 14:45:34,252 DEBUG (BaseJdbcLogger.java:159)- ==>  Preparing: select * from mishu where msId=? 
2019-04-26 14:45:34,253 DEBUG (BaseJdbcLogger.java:159)- ==> Parameters: 7(Integer)
2019-04-26 14:45:34,254 DEBUG (BaseJdbcLogger.java:159)- <==      Total: 1
2019-04-26 14:45:56,193 DEBUG (BaseJdbcLogger.java:159)- ==>  Preparing: SELECT count(*) FROM mishu WHERE reject = 1 and submission = 0 and state in (1,2) 
2019-04-26 14:45:56,193 DEBUG (BaseJdbcLogger.java:159)- ==> Parameters: 
2019-04-26 14:45:56,194 DEBUG (BaseJdbcLogger.java:159)- <==      Total: 1
2019-04-26 14:45:56,202 DEBUG (BaseJdbcLogger.java:159)- ==>  Preparing: SELECT m.*,u.userName FROM mishu AS m,USER AS u WHERE m.`userId`=u.`userid` and submission = 0 and reject = 1 and m.state in (1,2) ORDER BY msId DESC 
2019-04-26 14:45:56,203 DEBUG (BaseJdbcLogger.java:159)- ==> Parameters: 
2019-04-26 14:45:56,204 DEBUG (BaseJdbcLogger.java:159)- <==      Total: 3
2019-04-26 14:45:57,330 DEBUG (BaseJdbcLogger.java:159)- ==>  Preparing: SELECT count(*) FROM mishu WHERE submission = 0 and reject = 0 and state in (1,2) 
2019-04-26 14:45:57,331 DEBUG (BaseJdbcLogger.java:159)- ==> Parameters: 
2019-04-26 14:45:57,332 DEBUG (BaseJdbcLogger.java:159)- <==      Total: 1
2019-04-26 14:45:57,345 DEBUG (BaseJdbcLogger.java:159)- ==>  Preparing: SELECT m.*,u.userName FROM mishu AS m,USER AS u WHERE m.`userId`=u.`userid` and submission = 0 and reject = 0 and m.state in (1,2) ORDER BY msId DESC 
2019-04-26 14:45:57,346 DEBUG (BaseJdbcLogger.java:159)- ==> Parameters: 
2019-04-26 14:45:57,348 DEBUG (BaseJdbcLogger.java:159)- <==      Total: 3
2019-04-26 14:46:24,921 DEBUG (BaseJdbcLogger.java:159)- ==>  Preparing: select * from mishu where msId=? 
2019-04-26 14:46:24,922 DEBUG (BaseJdbcLogger.java:159)- ==> Parameters: 7(Integer)
2019-04-26 14:46:24,923 DEBUG (BaseJdbcLogger.java:159)- <==      Total: 1
2019-04-26 14:46:33,575 DEBUG (BaseJdbcLogger.java:159)- ==>  Preparing: SELECT count(*) FROM mishu WHERE reject = 1 and submission = 0 and state in (1,2) 
2019-04-26 14:46:33,576 DEBUG (BaseJdbcLogger.java:159)- ==> Parameters: 
2019-04-26 14:46:33,577 DEBUG (BaseJdbcLogger.java:159)- <==      Total: 1
2019-04-26 14:46:33,586 DEBUG (BaseJdbcLogger.java:159)- ==>  Preparing: SELECT m.*,u.userName FROM mishu AS m,USER AS u WHERE m.`userId`=u.`userid` and submission = 0 and reject = 1 and m.state in (1,2) ORDER BY msId DESC 
2019-04-26 14:46:33,586 DEBUG (BaseJdbcLogger.java:159)- ==> Parameters: 
2019-04-26 14:46:33,587 DEBUG (BaseJdbcLogger.java:159)- <==      Total: 3
2019-04-26 14:46:38,133 DEBUG (BaseJdbcLogger.java:159)- ==>  Preparing: select * from mishu where msId=? 
2019-04-26 14:46:38,134 DEBUG (BaseJdbcLogger.java:159)- ==> Parameters: 9(Integer)
2019-04-26 14:46:38,136 DEBUG (BaseJdbcLogger.java:159)- <==      Total: 1
2019-04-26 14:46:51,597 DEBUG (BaseJdbcLogger.java:159)- ==>  Preparing: select * from mishu where msId=? 
2019-04-26 14:46:51,598 DEBUG (BaseJdbcLogger.java:159)- ==> Parameters: 9(Integer)
2019-04-26 14:46:51,599 DEBUG (BaseJdbcLogger.java:159)- <==      Total: 1
2019-04-26 14:47:20,838 DEBUG (BaseJdbcLogger.java:159)- ==>  Preparing: SELECT d.*,u.userName FROM designated AS d,USER AS u WHERE u.`userId`=d.`userid` AND approval=1 AND submission = 1 and d.state in (1,2) ORDER BY dgId DESC 
2019-04-26 14:47:20,839 DEBUG (BaseJdbcLogger.java:159)- ==> Parameters: 
2019-04-26 14:47:20,840 DEBUG (BaseJdbcLogger.java:159)- <==      Total: 3
2019-04-26 14:47:26,913 DEBUG (BaseJdbcLogger.java:159)- ==>  Preparing: SELECT nw.*,u.userName FROM newcar AS nw,USER AS u WHERE nw.`userId`=u.`userid` AND reject = 0 AND submission = 1 and nw.state = 1 ORDER BY ncId DESC 
2019-04-26 14:47:26,914 DEBUG (BaseJdbcLogger.java:159)- ==> Parameters: 
2019-04-26 14:47:26,915 DEBUG (BaseJdbcLogger.java:159)- <==      Total: 2
2019-04-26 14:47:28,413 DEBUG (BaseJdbcLogger.java:159)- ==>  Preparing: SELECT count(*) FROM newcar WHERE state= 3 
2019-04-26 14:47:28,413 DEBUG (BaseJdbcLogger.java:159)- ==>  Preparing: SELECT count(*) FROM newcar WHERE receive = 0 and approval = 1 
2019-04-26 14:47:28,413 DEBUG (BaseJdbcLogger.java:159)- ==> Parameters: 
2019-04-26 14:47:28,413 DEBUG (BaseJdbcLogger.java:159)- ==> Parameters: 
2019-04-26 14:47:28,414 DEBUG (BaseJdbcLogger.java:159)- ==>  Preparing: SELECT nw.*,u.userName FROM newcar AS nw,USER AS u WHERE nw.`userId`=u.`userid` AND approval=1 AND submission = 1 and receive = 1 and nw.state in (1,2) ORDER BY ncId DESC 
2019-04-26 14:47:28,415 DEBUG (BaseJdbcLogger.java:159)- <==      Total: 1
2019-04-26 14:47:28,415 DEBUG (BaseJdbcLogger.java:159)- ==> Parameters: 
2019-04-26 14:47:28,415 DEBUG (BaseJdbcLogger.java:159)- <==      Total: 1
2019-04-26 14:47:28,417 DEBUG (BaseJdbcLogger.java:159)- <==      Total: 1
2019-04-26 14:47:35,673 DEBUG (BaseJdbcLogger.java:159)- ==>  Preparing: SELECT count(*) FROM newcar WHERE receive = 0 and approval = 1 
2019-04-26 14:47:35,674 DEBUG (BaseJdbcLogger.java:159)- ==> Parameters: 
2019-04-26 14:47:35,674 DEBUG (BaseJdbcLogger.java:159)- <==      Total: 1
2019-04-26 14:47:35,682 DEBUG (BaseJdbcLogger.java:159)- ==>  Preparing: SELECT nw.*,u.userName FROM newcar AS nw,USER AS u WHERE nw.`userId`=u.`userid` AND approval=1 AND submission = 1 and receive = 0 and nw.state =1 ORDER BY ncId DESC 
2019-04-26 14:47:35,682 DEBUG (BaseJdbcLogger.java:159)- ==> Parameters: 
2019-04-26 14:47:35,683 DEBUG (BaseJdbcLogger.java:159)- <==      Total: 2
2019-04-26 14:47:51,944 DEBUG (BaseJdbcLogger.java:159)- ==>  Preparing: select * from newcar where ncId=? 
2019-04-26 14:47:51,946 DEBUG (BaseJdbcLogger.java:159)- ==> Parameters: 2(Integer)
2019-04-26 14:47:51,949 DEBUG (BaseJdbcLogger.java:159)- <==      Total: 1
2019-04-26 14:47:51,963 DEBUG (BaseJdbcLogger.java:159)- ==>  Preparing: UPDATE `newcar` SET `receive` = 1 WHERE `ncId` = ? 
2019-04-26 14:47:51,964 DEBUG (BaseJdbcLogger.java:159)- ==> Parameters: 2(Integer)
2019-04-26 14:47:51,965 DEBUG (BaseJdbcLogger.java:159)- <==    Updates: 1
2019-04-26 14:47:51,985 DEBUG (BaseJdbcLogger.java:159)- ==>  Preparing: SELECT count(*) FROM newcar WHERE state= 3 
2019-04-26 14:47:51,985 DEBUG (BaseJdbcLogger.java:159)- ==>  Preparing: SELECT count(*) FROM newcar WHERE receive = 0 and approval = 1 
2019-04-26 14:47:51,985 DEBUG (BaseJdbcLogger.java:159)- ==> Parameters: 
2019-04-26 14:47:51,986 DEBUG (BaseJdbcLogger.java:159)- ==> Parameters: 
2019-04-26 14:47:51,986 DEBUG (BaseJdbcLogger.java:159)- ==>  Preparing: SELECT nw.*,u.userName FROM newcar AS nw,USER AS u WHERE nw.`userId`=u.`userid` AND approval=1 AND submission = 1 and receive = 1 and nw.state in (1,2) ORDER BY ncId DESC 
2019-04-26 14:47:51,986 DEBUG (BaseJdbcLogger.java:159)- <==      Total: 1
2019-04-26 14:47:51,986 DEBUG (BaseJdbcLogger.java:159)- ==> Parameters: 
2019-04-26 14:47:51,986 DEBUG (BaseJdbcLogger.java:159)- <==      Total: 1
2019-04-26 14:47:51,987 DEBUG (BaseJdbcLogger.java:159)- <==      Total: 2
2019-04-26 14:48:15,420 DEBUG (BaseJdbcLogger.java:159)- ==>  Preparing: SELECT count(*) FROM newcar WHERE state= 3 
2019-04-26 14:48:15,420 DEBUG (BaseJdbcLogger.java:159)- ==>  Preparing: SELECT count(*) FROM newcar WHERE receive = 0 and approval = 1 
2019-04-26 14:48:15,421 DEBUG (BaseJdbcLogger.java:159)- ==> Parameters: 
2019-04-26 14:48:15,421 DEBUG (BaseJdbcLogger.java:159)- ==> Parameters: 
2019-04-26 14:48:15,421 DEBUG (BaseJdbcLogger.java:159)- <==      Total: 1
2019-04-26 14:48:15,421 DEBUG (BaseJdbcLogger.java:159)- <==      Total: 1
2019-04-26 14:48:15,422 DEBUG (BaseJdbcLogger.java:159)- ==>  Preparing: SELECT nw.*,u.userName FROM newcar AS nw,USER AS u WHERE nw.`userId`=u.`userid` AND approval=1 AND submission = 1 and receive = 1 and nw.state in (1,2) ORDER BY ncId DESC 
2019-04-26 14:48:15,422 DEBUG (BaseJdbcLogger.java:159)- ==> Parameters: 
2019-04-26 14:48:15,423 DEBUG (BaseJdbcLogger.java:159)- <==      Total: 2
2019-04-26 14:48:16,747 DEBUG (BaseJdbcLogger.java:159)- ==>  Preparing: SELECT count(*) FROM newcar WHERE receive = 0 and approval = 1 
2019-04-26 14:48:16,747 DEBUG (BaseJdbcLogger.java:159)- ==>  Preparing: SELECT count(*) FROM newcar WHERE state= 3 
2019-04-26 14:48:16,748 DEBUG (BaseJdbcLogger.java:159)- ==> Parameters: 
2019-04-26 14:48:16,748 DEBUG (BaseJdbcLogger.java:159)- ==> Parameters: 
2019-04-26 14:48:16,748 DEBUG (BaseJdbcLogger.java:159)- ==>  Preparing: SELECT nw.*,u.userName FROM newcar AS nw,USER AS u WHERE nw.`userId`=u.`userid` AND approval=1 AND submission = 1 and receive = 1 and nw.state in (1,2) ORDER BY ncId DESC 
2019-04-26 14:48:16,749 DEBUG (BaseJdbcLogger.java:159)- ==> Parameters: 
2019-04-26 14:48:16,749 DEBUG (BaseJdbcLogger.java:159)- <==      Total: 1
2019-04-26 14:48:16,749 DEBUG (BaseJdbcLogger.java:159)- <==      Total: 1
2019-04-26 14:48:16,751 DEBUG (BaseJdbcLogger.java:159)- <==      Total: 2
2019-04-26 14:49:05,706 DEBUG (BaseJdbcLogger.java:159)- ==>  Preparing: SELECT count(*) FROM newcar WHERE state= 3 
2019-04-26 14:49:05,707 DEBUG (BaseJdbcLogger.java:159)- ==> Parameters: 
2019-04-26 14:49:05,708 DEBUG (BaseJdbcLogger.java:159)- <==      Total: 1
2019-04-26 14:49:05,720 DEBUG (BaseJdbcLogger.java:159)- ==>  Preparing: SELECT nw.*,u.userName FROM newcar AS nw,USER AS u WHERE nw.`userId`=u.`userid` AND approval=1 and receive = 1 and nw.state =3 ORDER BY ncId DESC 
2019-04-26 14:49:05,720 DEBUG (BaseJdbcLogger.java:159)- ==> Parameters: 
2019-04-26 14:49:05,721 DEBUG (BaseJdbcLogger.java:159)- <==      Total: 1
